<?xml version="1.0" encoding="UTF-8"?>
<testsuite xmlns:xsi="http://www.w3.org/2001/XMLSchema-instance" xsi:noNamespaceSchemaLocation="https://maven.apache.org/surefire/maven-surefire-plugin/xsd/surefire-test-report.xsd" name="BagTest" time="0.275" tests="5" errors="0" skipped="0" failures="0">
  <properties>
[...]
</properties>
  <testcase name="putInException" classname="BagTest" time="0.126"/>
  <testcase name="testToString" classname="BagTest" time="0.002"/>
  <testcase name="testPullOut" classname="BagTest" time="0.002"/>
  <testcase name="pullOut" classname="BagTest" time="0.001"/>
  <testcase name="putIn" classname="BagTest" time="0.002"/>
</testsuite>